[debug] [2023-06-16T17:52:52.746Z] ----------------------------------------------------------------------
[debug] [2023-06-16T17:52:52.748Z] Command:       /usr/local/bin/node /usr/local/bin/firebase init
[debug] [2023-06-16T17:52:52.748Z] CLI Version:   12.4.0
[debug] [2023-06-16T17:52:52.749Z] Platform:      linux
[debug] [2023-06-16T17:52:52.749Z] Node Version:  v18.15.0
[debug] [2023-06-16T17:52:52.749Z] Time:          Fri Jun 16 2023 18:52:52 GMT+0100 (Irish Standard Time)
[debug] [2023-06-16T17:52:52.749Z] ----------------------------------------------------------------------
[debug] 
[debug] [2023-06-16T17:52:52.755Z] > command requires scopes: ["email","openid","https://www.googleapis.com/auth/cloudplatformprojects.readonly","https://www.googleapis.com/auth/firebase","https://www.googleapis.com/auth/cloud-platform"]
[debug] [2023-06-16T17:52:52.755Z] > authorizing via signed-in user (shannonestuarydm@gmail.com)
[info] 
     ######## #### ########  ######## ########     ###     ######  ########
     ##        ##  ##     ## ##       ##     ##  ##   ##  ##       ##
     ######    ##  ########  ######   ########  #########  ######  ######
     ##        ##  ##    ##  ##       ##     ## ##     ##       ## ##
     ##       #### ##     ## ######## ########  ##     ##  ######  ########

You're about to initialize a Firebase project in this directory:

  /home/brian/Programs/Updated/sedm

[info] 
=== Project Setup
[info] 
[info] First, let's associate this project directory with a Firebase project.
[info] You can create multiple project aliases by running firebase use --add, 
[info] but for now we'll just set up a default project.
[info] 
[debug] [2023-06-16T17:54:38.405Z] >>> [apiv2][query] GET https://firebase.googleapis.com/v1beta1/projects pageSize=100
[debug] [2023-06-16T17:54:38.982Z] <<< [apiv2][status] GET https://firebase.googleapis.com/v1beta1/projects 200
[debug] [2023-06-16T17:54:38.982Z] <<< [apiv2][body] GET https://firebase.googleapis.com/v1beta1/projects [omitted]
[info] i  Using project sedm-bd018 (SEDM) 
[info] 
=== Database Setup
[info] i  database: ensuring required API firebasedatabase.googleapis.com is enabled... 
[debug] [2023-06-16T17:54:47.054Z] >>> [apiv2][query] GET https://serviceusage.googleapis.com/v1/projects/sedm-bd018/services/firebasedatabase.googleapis.com [none]
[debug] [2023-06-16T17:54:47.055Z] >>> [apiv2][(partial)header] GET https://serviceusage.googleapis.com/v1/projects/sedm-bd018/services/firebasedatabase.googleapis.com x-goog-quota-user=projects/sedm-bd018
[debug] [2023-06-16T17:54:48.018Z] <<< [apiv2][status] GET https://serviceusage.googleapis.com/v1/projects/sedm-bd018/services/firebasedatabase.googleapis.com 200
[debug] [2023-06-16T17:54:48.018Z] <<< [apiv2][body] GET https://serviceusage.googleapis.com/v1/projects/sedm-bd018/services/firebasedatabase.googleapis.com [omitted]
[info] ✔  database: required API firebasedatabase.googleapis.com is enabled 
[info] 
[debug] [2023-06-16T17:54:48.019Z] >>> [apiv2][query] GET https://firebasedatabase.googleapis.com/v1beta/projects/sedm-bd018/locations/-/instances/sedm-bd018 [none]
[debug] [2023-06-16T17:54:48.467Z] <<< [apiv2][status] GET https://firebasedatabase.googleapis.com/v1beta/projects/sedm-bd018/locations/-/instances/sedm-bd018 200
[debug] [2023-06-16T17:54:48.468Z] <<< [apiv2][body] GET https://firebasedatabase.googleapis.com/v1beta/projects/sedm-bd018/locations/-/instances/sedm-bd018 {"name":"projects/770876376231/locations/us-central1/instances/sedm-bd018","project":"projects/770876376231","databaseUrl":"https://sedm-bd018.firebaseio.com","type":"DEFAULT_DATABASE","state":"DISABLED"}
[info] 
[info] Firebase Realtime Database Security Rules allow you to define how your data should be
[info] structured and when your data can be read from and written to.
[info] 
[debug] [2023-06-16T17:55:00.700Z] >>> [apiv2][query] GET https://sedm-bd018.firebaseio.com/.settings/rules.json [none]
[debug] [2023-06-16T17:55:01.363Z] <<< [apiv2][status] GET https://sedm-bd018.firebaseio.com/.settings/rules.json 200
[debug] [2023-06-16T17:55:01.364Z] <<< [apiv2][body] GET https://sedm-bd018.firebaseio.com/.settings/rules.json [stream]
[info] ✔  Database Rules for sedm-bd018 have been written to database.rules.json. 
[info] Future modifications to database.rules.json will update Realtime Database Security Rules when you run
[info] firebase deploy.
[info] 
=== Hosting Setup
[info] 
[info] Your public directory is the folder (relative to your project directory) that
[info] will contain Hosting assets to be uploaded with firebase deploy. If you
[info] have a build process for your assets, use your build's output directory.
[info] 
[debug] [2023-06-16T17:55:32.000Z] >>> [apiv2][query] GET https://www.gstatic.com/firebasejs/releases.json [none]
[debug] [2023-06-16T17:55:32.059Z] <<< [apiv2][status] GET https://www.gstatic.com/firebasejs/releases.json 200
[debug] [2023-06-16T17:55:32.060Z] <<< [apiv2][body] GET https://www.gstatic.com/firebasejs/releases.json {"current":{"version":"9.22.2","browserURL":"https://www.gstatic.com/firebasejs/9.22.2/firebase.js","packageURL":"https://www.gstatic.com/firebasejs/9.22.2/firebase.tgz"},"live":{"version":"9.22","browserURL":"https://www.gstatic.com/firebasejs/live/9.22/firebase.js","packageURL":"https://www.gstatic.com/firebasejs/live/9.22/firebase.tgz"},"components":{"analytics":"https://www.gstatic.com/firebasejs/9.22.2/firebase-analytics.js","app":"https://www.gstatic.com/firebasejs/9.22.2/firebase-app.js","app-check":"https://www.gstatic.com/firebasejs/9.22.2/firebase-app-check.js","auth":"https://www.gstatic.com/firebasejs/9.22.2/firebase-auth.js","auth/cordova":"https://www.gstatic.com/firebasejs/9.22.2/firebase-auth/cordova.js","auth/react-native":"https://www.gstatic.com/firebasejs/9.22.2/firebase-auth/react-native.js","functions":"https://www.gstatic.com/firebasejs/9.22.2/firebase-functions.js","firestore":"https://www.gstatic.com/firebasejs/9.22.2/firebase-firestore.js","firestore/lite":"https://www.gstatic.com/firebasejs/9.22.2/firebase-firestore/lite.js","installations":"https://www.gstatic.com/firebasejs/9.22.2/firebase-installations.js","storage":"https://www.gstatic.com/firebasejs/9.22.2/firebase-storage.js","performance":"https://www.gstatic.com/firebasejs/9.22.2/firebase-performance.js","remote-config":"https://www.gstatic.com/firebasejs/9.22.2/firebase-remote-config.js","messaging":"https://www.gstatic.com/firebasejs/9.22.2/firebase-messaging.js","messaging/sw":"https://www.gstatic.com/firebasejs/9.22.2/firebase-messaging/sw.js","database":"https://www.gstatic.com/firebasejs/9.22.2/firebase-database.js","firestore.memory":"https://www.gstatic.com/firebasejs/9.22.2/firebase-firestore.memory.js"}}
[info] ✔  Wrote public/index.html 
[info] 
[info] i  Detected a .git folder at /home/brian/Programs/Updated/sedm 
[info] i  Authorizing with GitHub to upload your service account to a GitHub repository's secrets store. 
[info] 
[info] Visit this URL on this device to log in:
[info] https://github.com/login/oauth/authorize?client_id=89cf50f02ac6aaed3484&state=60616490&redirect_uri=http%3A%2F%2Flocalhost%3A9005&scope=read%3Auser%20repo%20public_repo
[info] 
[info] Waiting for authentication...
[debug] [2023-06-16T17:55:49.483Z] >>> [apiv2][query] POST https://github.com/login/oauth/access_token [none]
[debug] [2023-06-16T17:55:49.484Z] >>> [apiv2][body] POST https://github.com/login/oauth/access_token [stream]
[debug] [2023-06-16T17:55:49.814Z] <<< [apiv2][status] POST https://github.com/login/oauth/access_token 200
[debug] [2023-06-16T17:55:49.815Z] <<< [apiv2][body] POST https://github.com/login/oauth/access_token {"access_token":"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","token_type":"bearer","scope":"read:user,repo"}
[debug] [2023-06-16T17:55:49.841Z] >>> [apiv2][query] GET https://api.github.com/user [none]
[debug] [2023-06-16T17:55:50.194Z] <<< [apiv2][status] GET https://api.github.com/user 200
[debug] [2023-06-16T17:55:50.194Z] <<< [apiv2][body] GET https://api.github.com/user {"login":"DolanEnnis","id":11655958,"node_id":"MDQ6VXNlcjExNjU1OTU4","avatar_url":"https://avatars.githubusercontent.com/u/11655958?v=4","gravatar_id":"","url":"https://api.github.com/users/DolanEnnis","html_url":"https://github.com/DolanEnnis","followers_url":"https://api.github.com/users/DolanEnnis/followers","following_url":"https://api.github.com/users/DolanEnnis/following{/other_user}","gists_url":"https://api.github.com/users/DolanEnnis/gists{/gist_id}","starred_url":"https://api.github.com/users/DolanEnnis/starred{/owner}{/repo}","subscriptions_url":"https://api.github.com/users/DolanEnnis/subscriptions","organizations_url":"https://api.github.com/users/DolanEnnis/orgs","repos_url":"https://api.github.com/users/DolanEnnis/repos","events_url":"https://api.github.com/users/DolanEnnis/events{/privacy}","received_events_url":"https://api.github.com/users/DolanEnnis/received_events","type":"User","site_admin":false,"name":null,"company":null,"blog":"","location":null,"email":null,"hireable":null,"bio":null,"twitter_username":null,"public_repos":8,"public_gists":0,"followers":0,"following":0,"created_at":"2015-03-25T23:24:37Z","updated_at":"2022-03-27T08:45:03Z","private_gists":0,"total_private_repos":4,"owned_private_repos":4,"disk_usage":9857,"collaborators":0,"two_factor_authentication":false,"plan":{"name":"free","space":976562499,"collaborators":0,"private_repos":10000}}
[info] 
[info] ✔  Success! Logged into GitHub as DolanEnnis 
[info] 
[debug] [2023-06-16T17:56:07.700Z] >>> [apiv2][query] GET https://api.github.com/repos//actions/secrets/public-key type=owner
[debug] [2023-06-16T17:56:07.960Z] <<< [apiv2][status] GET https://api.github.com/repos//actions/secrets/public-key 404
[debug] [2023-06-16T17:56:07.961Z] <<< [apiv2][body] GET https://api.github.com/repos//actions/secrets/public-key {"message":"Not Found","documentation_url":"https://docs.github.com/rest"}
[info] 
[info] 
[error] ⚠  The provided authorization cannot be used with this repository. If this repository is in an organization, did you remember to grant access? 
[info] 
[info] i  Action required: Visit this URL to ensure access has been granted to the appropriate organization(s) for the Firebase CLI GitHub OAuth App: 
[info] https://github.com/settings/connections/applications/89cf50f02ac6aaed3484
[info] 
[debug] [2023-06-16T18:00:30.719Z] >>> [apiv2][query] GET https://api.github.com/repos/DolanEnnis/sedm/actions/secrets/public-key type=owner
[debug] [2023-06-16T18:00:31.031Z] <<< [apiv2][status] GET https://api.github.com/repos/DolanEnnis/sedm/actions/secrets/public-key 404
[debug] [2023-06-16T18:00:31.031Z] <<< [apiv2][body] GET https://api.github.com/repos/DolanEnnis/sedm/actions/secrets/public-key {"message":"Not Found","documentation_url":"https://docs.github.com/rest/reference/actions#get-a-repository-public-key"}
[info] 
[info] 
[error] ⚠  The provided authorization cannot be used with this repository. If this repository is in an organization, did you remember to grant access? 
[info] 
[info] i  Action required: Visit this URL to ensure access has been granted to the appropriate organization(s) for the Firebase CLI GitHub OAuth App: 
[info] https://github.com/settings/connections/applications/89cf50f02ac6aaed3484
[info] 
